<?xml version="1.0" encoding="UTF-8"?>
<!-- Generated by org.testng.reporters.JUnitXMLReporter -->
<testsuite ignored="0" hostname="Abishek-Hari" failures="0" tests="3" name="Automation Test Report" time="15.028" errors="0" timestamp="2023-08-23T00:12:34 IST">
  <testcase classname="com.testautomation.TestRunner.TestRunner" name="feature" time="5.412"/>
  <testcase classname="com.apiautomation.Tests.CaseStudyAPIAutomation" name="CaseStudyAPIAutomationNegativeScenario" time="8.144"/>
  <testcase classname="com.apiautomation.Tests.CaseStudyAPIAutomation" name="CaseStudyAPIAutomationPositiveScenario" time="0.728"/>
</testsuite> <!-- Automation Test Report -->
