<?xml version="1.0" encoding="UTF-8"?>
<testng-results ignored="0" total="1" passed="1" failed="0" skipped="0">
  <reporter-output>
  </reporter-output>
  <suite started-at="2023-08-22T22:42:37 IST" name="Automation Test Report" finished-at="2023-08-22T22:42:43 IST" duration-ms="5449">
    <groups>
    </groups>
    <test started-at="2023-08-22T22:42:37 IST" name="Automation Test Report" finished-at="2023-08-22T22:42:43 IST" duration-ms="5449">
      <class name="com.testautomation.TestRunner.TestRunner">
        <test-method is-config="true" signature="beforeSuite()[pri:0, instance:com.testautomation.TestRunner.TestRunner@79e4c792]" started-at="2023-08-22T22:42:28 IST" name="beforeSuite" finished-at="2023-08-22T22:42:37 IST" duration-ms="9189" status="PASS">
          <reporter-output>
          </reporter-output>
        </test-method> <!-- beforeSuite -->
        <test-method is-config="true" signature="setUpClass()[pri:0, instance:com.testautomation.TestRunner.TestRunner@79e4c792]" started-at="2023-08-22T22:42:38 IST" name="setUpClass" finished-at="2023-08-22T22:42:38 IST" duration-ms="243" status="PASS">
          <reporter-output>
          </reporter-output>
        </test-method> <!-- setUpClass -->
        <test-method signature="feature(cucumber.api.testng.PickleEventWrapper,cucumber.api.testng.CucumberFeatureWrapper)[pri:0, instance:com.testautomation.TestRunner.TestRunner@79e4c792]" started-at="2023-08-22T22:42:38 IST" name="feature" data-provider="features" finished-at="2023-08-22T22:42:43 IST" duration-ms="4736" status="PASS">
          <params>
            <param index="0">
              <value>
                <![CDATA["Add Items to cart in saucedemo website"]]>
              </value>
            </param>
            <param index="1">
              <value>
                <![CDATA["Sauce Demo End To End Testing"]]>
              </value>
            </param>
          </params>
          <reporter-output>
          </reporter-output>
        </test-method> <!-- feature -->
        <test-method is-config="true" signature="tearDownClass()[pri:0, instance:com.testautomation.TestRunner.TestRunner@79e4c792]" started-at="2023-08-22T22:42:43 IST" name="tearDownClass" finished-at="2023-08-22T22:42:43 IST" duration-ms="5" status="PASS">
          <reporter-output>
          </reporter-output>
        </test-method> <!-- tearDownClass -->
        <test-method is-config="true" signature="afterSuite()[pri:0, instance:com.testautomation.TestRunner.TestRunner@79e4c792]" started-at="2023-08-22T22:42:43 IST" name="afterSuite" finished-at="2023-08-22T22:42:44 IST" duration-ms="535" status="PASS">
          <reporter-output>
          </reporter-output>
        </test-method> <!-- afterSuite -->
      </class> <!-- com.testautomation.TestRunner.TestRunner -->
    </test> <!-- Automation Test Report -->
  </suite> <!-- Automation Test Report -->
</testng-results>
