<?xml version="1.0" encoding="UTF-8"?>
<testng-results ignored="0" total="3" passed="3" failed="0" skipped="0">
  <reporter-output>
  </reporter-output>
  <suite started-at="2023-08-23T00:12:18 IST" name="Automation Test Report" finished-at="2023-08-23T00:12:33 IST" duration-ms="15028">
    <groups>
    </groups>
    <test started-at="2023-08-23T00:12:18 IST" name="Automation Test Report" finished-at="2023-08-23T00:12:33 IST" duration-ms="15028">
      <class name="com.testautomation.TestRunner.TestRunner">
        <test-method is-config="true" signature="beforeSuite()[pri:0, instance:com.testautomation.TestRunner.TestRunner@4082ba93]" started-at="2023-08-23T00:12:08 IST" name="beforeSuite" finished-at="2023-08-23T00:12:18 IST" duration-ms="9753" status="PASS">
          <reporter-output>
          </reporter-output>
        </test-method> <!-- beforeSuite -->
        <test-method is-config="true" signature="setUpClass()[pri:0, instance:com.testautomation.TestRunner.TestRunner@4082ba93]" started-at="2023-08-23T00:12:18 IST" name="setUpClass" finished-at="2023-08-23T00:12:19 IST" duration-ms="240" status="PASS">
          <reporter-output>
          </reporter-output>
        </test-method> <!-- setUpClass -->
        <test-method signature="feature(cucumber.api.testng.PickleEventWrapper,cucumber.api.testng.CucumberFeatureWrapper)[pri:0, instance:com.testautomation.TestRunner.TestRunner@4082ba93]" started-at="2023-08-23T00:12:19 IST" name="feature" data-provider="features" finished-at="2023-08-23T00:12:24 IST" duration-ms="5412" status="PASS">
          <params>
            <param index="0">
              <value>
                <![CDATA["Add Items to cart in saucedemo website"]]>
              </value>
            </param>
            <param index="1">
              <value>
                <![CDATA["Sauce Demo End To End Testing"]]>
              </value>
            </param>
          </params>
          <reporter-output>
          </reporter-output>
        </test-method> <!-- feature -->
        <test-method is-config="true" signature="tearDownClass()[pri:0, instance:com.testautomation.TestRunner.TestRunner@4082ba93]" started-at="2023-08-23T00:12:24 IST" name="tearDownClass" finished-at="2023-08-23T00:12:24 IST" duration-ms="10" status="PASS">
          <reporter-output>
          </reporter-output>
        </test-method> <!-- tearDownClass -->
        <test-method is-config="true" signature="afterSuite()[pri:0, instance:com.testautomation.TestRunner.TestRunner@4082ba93]" started-at="2023-08-23T00:12:34 IST" name="afterSuite" finished-at="2023-08-23T00:12:34 IST" duration-ms="631" status="PASS">
          <reporter-output>
          </reporter-output>
        </test-method> <!-- afterSuite -->
      </class> <!-- com.testautomation.TestRunner.TestRunner -->
      <class name="com.apiautomation.Tests.CaseStudyAPIAutomation">
        <test-method signature="CaseStudyAPIAutomationNegativeScenario()[pri:0, instance:com.apiautomation.Tests.CaseStudyAPIAutomation@514646ef]" started-at="2023-08-23T00:12:24 IST" name="CaseStudyAPIAutomationNegativeScenario" finished-at="2023-08-23T00:12:32 IST" duration-ms="8144" status="PASS">
          <reporter-output>
          </reporter-output>
        </test-method> <!-- CaseStudyAPIAutomationNegativeScenario -->
        <test-method signature="CaseStudyAPIAutomationPositiveScenario()[pri:0, instance:com.apiautomation.Tests.CaseStudyAPIAutomation@514646ef]" started-at="2023-08-23T00:12:32 IST" name="CaseStudyAPIAutomationPositiveScenario" finished-at="2023-08-23T00:12:33 IST" duration-ms="728" status="PASS">
          <reporter-output>
          </reporter-output>
        </test-method> <!-- CaseStudyAPIAutomationPositiveScenario -->
      </class> <!-- com.apiautomation.Tests.CaseStudyAPIAutomation -->
    </test> <!-- Automation Test Report -->
  </suite> <!-- Automation Test Report -->
</testng-results>
